2025-05-07T10:59:11.419+02:00  INFO 2028 --- [SIMS] [main] com.JK.SIMS.SimsApplication              : Starting SimsApplication using Java 22.0.1 with PID 2028 (/Users/jkhamroev/Programming_Languages/for_Java/SpringBoot/SIMS/target/classes started by jkhamroev in /Users/jkhamroev/Programming_Languages/for_Java/SpringBoot/SIMS)
2025-05-07T10:59:11.420+02:00 DEBUG 2028 --- [SIMS] [main] com.JK.SIMS.SimsApplication              : Running with Spring Boot v3.4.4, Spring v6.2.5
2025-05-07T10:59:11.420+02:00  INFO 2028 --- [SIMS] [main] com.JK.SIMS.SimsApplication              : No active profile set, falling back to 1 default profile: "default"
2025-05-07T10:59:11.756+02:00  INFO 2028 --- [SIMS] [main] .s.d.r.c.RepositoryConfigurationDelegate : Bootstrapping Spring Data JPA repositories in DEFAULT mode.
2025-05-07T10:59:11.795+02:00  INFO 2028 --- [SIMS] [main] .s.d.r.c.RepositoryConfigurationDelegate : Finished Spring Data repository scanning in 33 ms. Found 3 JPA repository interfaces.
2025-05-07T10:59:12.057+02:00  INFO 2028 --- [SIMS] [main] o.s.b.w.embedded.tomcat.TomcatWebServer  : Tomcat initialized with port 8080 (http)
2025-05-07T10:59:12.065+02:00  INFO 2028 --- [SIMS] [main] o.apache.catalina.core.StandardService   : Starting service [Tomcat]
2025-05-07T10:59:12.065+02:00  INFO 2028 --- [SIMS] [main] o.apache.catalina.core.StandardEngine    : Starting Servlet engine: [Apache Tomcat/10.1.39]
2025-05-07T10:59:12.088+02:00  INFO 2028 --- [SIMS] [main] o.a.c.c.C.[Tomcat].[localhost].[/]       : Initializing Spring embedded WebApplicationContext
2025-05-07T10:59:12.088+02:00  INFO 2028 --- [SIMS] [main] w.s.c.ServletWebServerApplicationContext : Root WebApplicationContext: initialization completed in 650 ms
2025-05-07T10:59:12.115+02:00 DEBUG 2028 --- [SIMS] [main] com.JK.SIMS.config.secFilter.JWTFilter   : Filter 'JWTFilter' configured for use
2025-05-07T10:59:12.173+02:00  INFO 2028 --- [SIMS] [main] o.hibernate.jpa.internal.util.LogHelper  : HHH000204: Processing PersistenceUnitInfo [name: default]
2025-05-07T10:59:12.203+02:00  INFO 2028 --- [SIMS] [main] org.hibernate.Version                    : HHH000412: Hibernate ORM core version 6.6.11.Final
2025-05-07T10:59:12.221+02:00  INFO 2028 --- [SIMS] [main] o.h.c.internal.RegionFactoryInitiator    : HHH000026: Second-level cache disabled
2025-05-07T10:59:12.360+02:00  INFO 2028 --- [SIMS] [main] o.s.o.j.p.SpringPersistenceUnitInfo      : No LoadTimeWeaver setup: ignoring JPA class transformer
2025-05-07T10:59:12.374+02:00  INFO 2028 --- [SIMS] [main] com.zaxxer.hikari.HikariDataSource       : HikariPool-1 - Starting...
2025-05-07T10:59:12.542+02:00  INFO 2028 --- [SIMS] [main] com.zaxxer.hikari.pool.HikariPool        : HikariPool-1 - Added connection com.mysql.cj.jdbc.ConnectionImpl@15914bb5
2025-05-07T10:59:12.543+02:00  INFO 2028 --- [SIMS] [main] com.zaxxer.hikari.HikariDataSource       : HikariPool-1 - Start completed.
2025-05-07T10:59:12.598+02:00  INFO 2028 --- [SIMS] [main] org.hibernate.orm.connections.pooling    : HHH10001005: Database info:
	Database JDBC URL [Connecting through datasource 'HikariDataSource (HikariPool-1)']
	Database driver: undefined/unknown
	Database version: 8.1
	Autocommit mode: undefined/unknown
	Isolation level: undefined/unknown
	Minimum pool size: undefined/unknown
	Maximum pool size: undefined/unknown
2025-05-07T10:59:12.982+02:00  INFO 2028 --- [SIMS] [main] o.h.e.t.j.p.i.JtaPlatformInitiator       : HHH000489: No JTA platform available (set 'hibernate.transaction.jta.platform' to enable JTA platform integration)
2025-05-07T10:59:13.025+02:00  INFO 2028 --- [SIMS] [main] j.LocalContainerEntityManagerFactoryBean : Initialized JPA EntityManagerFactory for persistence unit 'default'
2025-05-07T10:59:13.169+02:00  INFO 2028 --- [SIMS] [main] o.s.d.j.r.query.QueryEnhancerFactory     : Hibernate is in classpath; If applicable, HQL parser will be used.
2025-05-07T10:59:13.716+02:00  INFO 2028 --- [SIMS] [main] eAuthenticationProviderManagerConfigurer : Global AuthenticationManager configured with AuthenticationProvider bean with name authenticationProvider
2025-05-07T10:59:13.716+02:00  WARN 2028 --- [SIMS] [main] r$InitializeUserDetailsManagerConfigurer : Global AuthenticationManager configured with an AuthenticationProvider bean. UserDetailsService beans will not be used by Spring Security for automatically configuring username/password login. Consider removing the AuthenticationProvider bean. Alternatively, consider using the UserDetailsService in a manually instantiated DaoAuthenticationProvider. If the current configuration is intentional, to turn off this warning, increase the logging level of 'org.springframework.security.config.annotation.authentication.configuration.InitializeUserDetailsBeanManagerConfigurer' to ERROR
2025-05-07T10:59:13.726+02:00  WARN 2028 --- [SIMS] [main] JpaBaseConfiguration$JpaWebConfiguration : spring.jpa.open-in-view is enabled by default. Therefore, database queries may be performed during view rendering. Explicitly configure spring.jpa.open-in-view to disable this warning
2025-05-07T10:59:13.765+02:00  INFO 2028 --- [SIMS] [main] o.s.b.a.w.s.WelcomePageHandlerMapping    : Adding welcome page: class path resource [static/index.html]
2025-05-07T10:59:13.906+02:00  WARN 2028 --- [SIMS] [main] ion$DefaultTemplateResolverConfiguration : Cannot find template location: classpath:/templates/ (please add some templates, check your Thymeleaf configuration, or set spring.thymeleaf.check-template-location=false)
2025-05-07T10:59:13.990+02:00  INFO 2028 --- [SIMS] [main] o.s.b.w.embedded.tomcat.TomcatWebServer  : Tomcat started on port 8080 (http) with context path '/'
2025-05-07T10:59:13.995+02:00  INFO 2028 --- [SIMS] [main] com.JK.SIMS.SimsApplication              : Started SimsApplication in 2.794 seconds (process running for 3.167)
2025-05-07T11:18:05.036+02:00  INFO 2028 --- [SIMS] [SpringApplicationShutdownHook] o.s.b.w.e.tomcat.GracefulShutdown        : Commencing graceful shutdown. Waiting for active requests to complete
2025-05-07T11:18:05.039+02:00  INFO 2028 --- [SIMS] [tomcat-shutdown] o.s.b.w.e.tomcat.GracefulShutdown        : Graceful shutdown complete
2025-05-07T11:18:05.042+02:00  INFO 2028 --- [SIMS] [SpringApplicationShutdownHook] j.LocalContainerEntityManagerFactoryBean : Closing JPA EntityManagerFactory for persistence unit 'default'
2025-05-07T11:18:05.044+02:00  INFO 2028 --- [SIMS] [SpringApplicationShutdownHook] com.zaxxer.hikari.HikariDataSource       : HikariPool-1 - Shutdown initiated...
2025-05-07T11:18:05.047+02:00  INFO 2028 --- [SIMS] [SpringApplicationShutdownHook] com.zaxxer.hikari.HikariDataSource       : HikariPool-1 - Shutdown completed.
2025-05-07T11:34:56.167+02:00  INFO 2274 --- [SIMS] [main] com.JK.SIMS.SimsApplication              : Starting SimsApplication using Java 22.0.1 with PID 2274 (/Users/jkhamroev/Programming_Languages/for_Java/SpringBoot/SIMS/target/classes started by jkhamroev in /Users/jkhamroev/Programming_Languages/for_Java/SpringBoot/SIMS)
2025-05-07T11:34:56.168+02:00 DEBUG 2274 --- [SIMS] [main] com.JK.SIMS.SimsApplication              : Running with Spring Boot v3.4.4, Spring v6.2.5
2025-05-07T11:34:56.168+02:00  INFO 2274 --- [SIMS] [main] com.JK.SIMS.SimsApplication              : No active profile set, falling back to 1 default profile: "default"
2025-05-07T11:34:56.467+02:00  INFO 2274 --- [SIMS] [main] .s.d.r.c.RepositoryConfigurationDelegate : Bootstrapping Spring Data JPA repositories in DEFAULT mode.
2025-05-07T11:34:56.495+02:00  INFO 2274 --- [SIMS] [main] .s.d.r.c.RepositoryConfigurationDelegate : Finished Spring Data repository scanning in 23 ms. Found 3 JPA repository interfaces.
2025-05-07T11:34:56.719+02:00  INFO 2274 --- [SIMS] [main] o.s.b.w.embedded.tomcat.TomcatWebServer  : Tomcat initialized with port 8080 (http)
2025-05-07T11:34:56.727+02:00  INFO 2274 --- [SIMS] [main] o.apache.catalina.core.StandardService   : Starting service [Tomcat]
2025-05-07T11:34:56.727+02:00  INFO 2274 --- [SIMS] [main] o.apache.catalina.core.StandardEngine    : Starting Servlet engine: [Apache Tomcat/10.1.39]
2025-05-07T11:34:56.753+02:00  INFO 2274 --- [SIMS] [main] o.a.c.c.C.[Tomcat].[localhost].[/]       : Initializing Spring embedded WebApplicationContext
2025-05-07T11:34:56.754+02:00  INFO 2274 --- [SIMS] [main] w.s.c.ServletWebServerApplicationContext : Root WebApplicationContext: initialization completed in 568 ms
2025-05-07T11:34:56.781+02:00 DEBUG 2274 --- [SIMS] [main] com.JK.SIMS.config.secFilter.JWTFilter   : Filter 'JWTFilter' configured for use
2025-05-07T11:34:56.830+02:00  INFO 2274 --- [SIMS] [main] o.hibernate.jpa.internal.util.LogHelper  : HHH000204: Processing PersistenceUnitInfo [name: default]
2025-05-07T11:34:56.853+02:00  INFO 2274 --- [SIMS] [main] org.hibernate.Version                    : HHH000412: Hibernate ORM core version 6.6.11.Final
2025-05-07T11:34:56.869+02:00  INFO 2274 --- [SIMS] [main] o.h.c.internal.RegionFactoryInitiator    : HHH000026: Second-level cache disabled
2025-05-07T11:34:56.988+02:00  INFO 2274 --- [SIMS] [main] o.s.o.j.p.SpringPersistenceUnitInfo      : No LoadTimeWeaver setup: ignoring JPA class transformer
2025-05-07T11:34:57.002+02:00  INFO 2274 --- [SIMS] [main] com.zaxxer.hikari.HikariDataSource       : HikariPool-1 - Starting...
2025-05-07T11:34:57.167+02:00  INFO 2274 --- [SIMS] [main] com.zaxxer.hikari.pool.HikariPool        : HikariPool-1 - Added connection com.mysql.cj.jdbc.ConnectionImpl@22899683
2025-05-07T11:34:57.168+02:00  INFO 2274 --- [SIMS] [main] com.zaxxer.hikari.HikariDataSource       : HikariPool-1 - Start completed.
2025-05-07T11:34:57.212+02:00  INFO 2274 --- [SIMS] [main] org.hibernate.orm.connections.pooling    : HHH10001005: Database info:
	Database JDBC URL [Connecting through datasource 'HikariDataSource (HikariPool-1)']
	Database driver: undefined/unknown
	Database version: 8.1
	Autocommit mode: undefined/unknown
	Isolation level: undefined/unknown
	Minimum pool size: undefined/unknown
	Maximum pool size: undefined/unknown
2025-05-07T11:34:57.611+02:00  INFO 2274 --- [SIMS] [main] o.h.e.t.j.p.i.JtaPlatformInitiator       : HHH000489: No JTA platform available (set 'hibernate.transaction.jta.platform' to enable JTA platform integration)
2025-05-07T11:34:57.984+02:00  INFO 2274 --- [SIMS] [main] j.LocalContainerEntityManagerFactoryBean : Initialized JPA EntityManagerFactory for persistence unit 'default'
2025-05-07T11:34:58.112+02:00  INFO 2274 --- [SIMS] [main] o.s.d.j.r.query.QueryEnhancerFactory     : Hibernate is in classpath; If applicable, HQL parser will be used.
2025-05-07T11:34:58.671+02:00  INFO 2274 --- [SIMS] [main] eAuthenticationProviderManagerConfigurer : Global AuthenticationManager configured with AuthenticationProvider bean with name authenticationProvider
2025-05-07T11:34:58.671+02:00  WARN 2274 --- [SIMS] [main] r$InitializeUserDetailsManagerConfigurer : Global AuthenticationManager configured with an AuthenticationProvider bean. UserDetailsService beans will not be used by Spring Security for automatically configuring username/password login. Consider removing the AuthenticationProvider bean. Alternatively, consider using the UserDetailsService in a manually instantiated DaoAuthenticationProvider. If the current configuration is intentional, to turn off this warning, increase the logging level of 'org.springframework.security.config.annotation.authentication.configuration.InitializeUserDetailsBeanManagerConfigurer' to ERROR
2025-05-07T11:34:58.681+02:00  WARN 2274 --- [SIMS] [main] JpaBaseConfiguration$JpaWebConfiguration : spring.jpa.open-in-view is enabled by default. Therefore, database queries may be performed during view rendering. Explicitly configure spring.jpa.open-in-view to disable this warning
2025-05-07T11:34:58.719+02:00  INFO 2274 --- [SIMS] [main] o.s.b.a.w.s.WelcomePageHandlerMapping    : Adding welcome page: class path resource [static/index.html]
2025-05-07T11:34:58.854+02:00  WARN 2274 --- [SIMS] [main] ion$DefaultTemplateResolverConfiguration : Cannot find template location: classpath:/templates/ (please add some templates, check your Thymeleaf configuration, or set spring.thymeleaf.check-template-location=false)
2025-05-07T11:34:58.925+02:00  INFO 2274 --- [SIMS] [main] o.s.b.w.embedded.tomcat.TomcatWebServer  : Tomcat started on port 8080 (http) with context path '/'
2025-05-07T11:34:58.930+02:00  INFO 2274 --- [SIMS] [main] com.JK.SIMS.SimsApplication              : Started SimsApplication in 2.952 seconds (process running for 3.273)
2025-05-07T11:35:51.214+02:00  INFO 2274 --- [SIMS] [SpringApplicationShutdownHook] o.s.b.w.e.tomcat.GracefulShutdown        : Commencing graceful shutdown. Waiting for active requests to complete
2025-05-07T11:35:51.218+02:00  INFO 2274 --- [SIMS] [tomcat-shutdown] o.s.b.w.e.tomcat.GracefulShutdown        : Graceful shutdown complete
2025-05-07T11:35:51.221+02:00  INFO 2274 --- [SIMS] [SpringApplicationShutdownHook] j.LocalContainerEntityManagerFactoryBean : Closing JPA EntityManagerFactory for persistence unit 'default'
2025-05-07T11:35:51.223+02:00  INFO 2274 --- [SIMS] [SpringApplicationShutdownHook] com.zaxxer.hikari.HikariDataSource       : HikariPool-1 - Shutdown initiated...
2025-05-07T11:35:51.226+02:00  INFO 2274 --- [SIMS] [SpringApplicationShutdownHook] com.zaxxer.hikari.HikariDataSource       : HikariPool-1 - Shutdown completed.
2025-05-07T11:36:15.121+02:00  INFO 2300 --- [SIMS] [main] com.JK.SIMS.SimsApplication              : Starting SimsApplication using Java 22.0.1 with PID 2300 (/Users/jkhamroev/Programming_Languages/for_Java/SpringBoot/SIMS/target/classes started by jkhamroev in /Users/jkhamroev/Programming_Languages/for_Java/SpringBoot/SIMS)
2025-05-07T11:36:15.122+02:00 DEBUG 2300 --- [SIMS] [main] com.JK.SIMS.SimsApplication              : Running with Spring Boot v3.4.4, Spring v6.2.5
2025-05-07T11:36:15.122+02:00  INFO 2300 --- [SIMS] [main] com.JK.SIMS.SimsApplication              : No active profile set, falling back to 1 default profile: "default"
2025-05-07T11:36:15.434+02:00  INFO 2300 --- [SIMS] [main] .s.d.r.c.RepositoryConfigurationDelegate : Bootstrapping Spring Data JPA repositories in DEFAULT mode.
2025-05-07T11:36:15.461+02:00  INFO 2300 --- [SIMS] [main] .s.d.r.c.RepositoryConfigurationDelegate : Finished Spring Data repository scanning in 22 ms. Found 3 JPA repository interfaces.
2025-05-07T11:36:15.684+02:00  INFO 2300 --- [SIMS] [main] o.s.b.w.embedded.tomcat.TomcatWebServer  : Tomcat initialized with port 8080 (http)
2025-05-07T11:36:15.690+02:00  INFO 2300 --- [SIMS] [main] o.apache.catalina.core.StandardService   : Starting service [Tomcat]
2025-05-07T11:36:15.690+02:00  INFO 2300 --- [SIMS] [main] o.apache.catalina.core.StandardEngine    : Starting Servlet engine: [Apache Tomcat/10.1.39]
2025-05-07T11:36:15.711+02:00  INFO 2300 --- [SIMS] [main] o.a.c.c.C.[Tomcat].[localhost].[/]       : Initializing Spring embedded WebApplicationContext
2025-05-07T11:36:15.711+02:00  INFO 2300 --- [SIMS] [main] w.s.c.ServletWebServerApplicationContext : Root WebApplicationContext: initialization completed in 571 ms
2025-05-07T11:36:15.737+02:00 DEBUG 2300 --- [SIMS] [main] com.JK.SIMS.config.secFilter.JWTFilter   : Filter 'JWTFilter' configured for use
2025-05-07T11:36:15.787+02:00  INFO 2300 --- [SIMS] [main] o.hibernate.jpa.internal.util.LogHelper  : HHH000204: Processing PersistenceUnitInfo [name: default]
2025-05-07T11:36:15.810+02:00  INFO 2300 --- [SIMS] [main] org.hibernate.Version                    : HHH000412: Hibernate ORM core version 6.6.11.Final
2025-05-07T11:36:15.827+02:00  INFO 2300 --- [SIMS] [main] o.h.c.internal.RegionFactoryInitiator    : HHH000026: Second-level cache disabled
2025-05-07T11:36:15.939+02:00  INFO 2300 --- [SIMS] [main] o.s.o.j.p.SpringPersistenceUnitInfo      : No LoadTimeWeaver setup: ignoring JPA class transformer
2025-05-07T11:36:15.953+02:00  INFO 2300 --- [SIMS] [main] com.zaxxer.hikari.HikariDataSource       : HikariPool-1 - Starting...
2025-05-07T11:36:16.103+02:00  INFO 2300 --- [SIMS] [main] com.zaxxer.hikari.pool.HikariPool        : HikariPool-1 - Added connection com.mysql.cj.jdbc.ConnectionImpl@7ba1cdbe
2025-05-07T11:36:16.104+02:00  INFO 2300 --- [SIMS] [main] com.zaxxer.hikari.HikariDataSource       : HikariPool-1 - Start completed.
2025-05-07T11:36:16.143+02:00  INFO 2300 --- [SIMS] [main] org.hibernate.orm.connections.pooling    : HHH10001005: Database info:
	Database JDBC URL [Connecting through datasource 'HikariDataSource (HikariPool-1)']
	Database driver: undefined/unknown
	Database version: 8.1
	Autocommit mode: undefined/unknown
	Isolation level: undefined/unknown
	Minimum pool size: undefined/unknown
	Maximum pool size: undefined/unknown
2025-05-07T11:36:16.537+02:00  INFO 2300 --- [SIMS] [main] o.h.e.t.j.p.i.JtaPlatformInitiator       : HHH000489: No JTA platform available (set 'hibernate.transaction.jta.platform' to enable JTA platform integration)
2025-05-07T11:36:16.913+02:00  INFO 2300 --- [SIMS] [main] j.LocalContainerEntityManagerFactoryBean : Initialized JPA EntityManagerFactory for persistence unit 'default'
2025-05-07T11:36:17.041+02:00  INFO 2300 --- [SIMS] [main] o.s.d.j.r.query.QueryEnhancerFactory     : Hibernate is in classpath; If applicable, HQL parser will be used.
2025-05-07T11:36:17.585+02:00  INFO 2300 --- [SIMS] [main] eAuthenticationProviderManagerConfigurer : Global AuthenticationManager configured with AuthenticationProvider bean with name authenticationProvider
2025-05-07T11:36:17.585+02:00  WARN 2300 --- [SIMS] [main] r$InitializeUserDetailsManagerConfigurer : Global AuthenticationManager configured with an AuthenticationProvider bean. UserDetailsService beans will not be used by Spring Security for automatically configuring username/password login. Consider removing the AuthenticationProvider bean. Alternatively, consider using the UserDetailsService in a manually instantiated DaoAuthenticationProvider. If the current configuration is intentional, to turn off this warning, increase the logging level of 'org.springframework.security.config.annotation.authentication.configuration.InitializeUserDetailsBeanManagerConfigurer' to ERROR
2025-05-07T11:36:17.599+02:00  WARN 2300 --- [SIMS] [main] JpaBaseConfiguration$JpaWebConfiguration : spring.jpa.open-in-view is enabled by default. Therefore, database queries may be performed during view rendering. Explicitly configure spring.jpa.open-in-view to disable this warning
2025-05-07T11:36:17.636+02:00  INFO 2300 --- [SIMS] [main] o.s.b.a.w.s.WelcomePageHandlerMapping    : Adding welcome page: class path resource [static/index.html]
2025-05-07T11:36:17.770+02:00  WARN 2300 --- [SIMS] [main] ion$DefaultTemplateResolverConfiguration : Cannot find template location: classpath:/templates/ (please add some templates, check your Thymeleaf configuration, or set spring.thymeleaf.check-template-location=false)
2025-05-07T11:36:17.841+02:00  INFO 2300 --- [SIMS] [main] o.s.b.w.embedded.tomcat.TomcatWebServer  : Tomcat started on port 8080 (http) with context path '/'
2025-05-07T11:36:17.846+02:00  INFO 2300 --- [SIMS] [main] com.JK.SIMS.SimsApplication              : Started SimsApplication in 2.915 seconds (process running for 3.201)
2025-05-07T11:41:02.538+02:00  INFO 2300 --- [SIMS] [SpringApplicationShutdownHook] o.s.b.w.e.tomcat.GracefulShutdown        : Commencing graceful shutdown. Waiting for active requests to complete
2025-05-07T11:41:02.546+02:00  INFO 2300 --- [SIMS] [tomcat-shutdown] o.s.b.w.e.tomcat.GracefulShutdown        : Graceful shutdown complete
2025-05-07T11:41:02.549+02:00  INFO 2300 --- [SIMS] [SpringApplicationShutdownHook] j.LocalContainerEntityManagerFactoryBean : Closing JPA EntityManagerFactory for persistence unit 'default'
2025-05-07T11:41:02.551+02:00  INFO 2300 --- [SIMS] [SpringApplicationShutdownHook] com.zaxxer.hikari.HikariDataSource       : HikariPool-1 - Shutdown initiated...
2025-05-07T11:41:02.554+02:00  INFO 2300 --- [SIMS] [SpringApplicationShutdownHook] com.zaxxer.hikari.HikariDataSource       : HikariPool-1 - Shutdown completed.
2025-05-07T11:41:05.656+02:00  INFO 2360 --- [SIMS] [main] com.JK.SIMS.SimsApplication              : Starting SimsApplication using Java 22.0.1 with PID 2360 (/Users/jkhamroev/Programming_Languages/for_Java/SpringBoot/SIMS/target/classes started by jkhamroev in /Users/jkhamroev/Programming_Languages/for_Java/SpringBoot/SIMS)
2025-05-07T11:41:05.657+02:00 DEBUG 2360 --- [SIMS] [main] com.JK.SIMS.SimsApplication              : Running with Spring Boot v3.4.4, Spring v6.2.5
2025-05-07T11:41:05.658+02:00  INFO 2360 --- [SIMS] [main] com.JK.SIMS.SimsApplication              : No active profile set, falling back to 1 default profile: "default"
2025-05-07T11:41:05.958+02:00  INFO 2360 --- [SIMS] [main] .s.d.r.c.RepositoryConfigurationDelegate : Bootstrapping Spring Data JPA repositories in DEFAULT mode.
2025-05-07T11:41:05.985+02:00  INFO 2360 --- [SIMS] [main] .s.d.r.c.RepositoryConfigurationDelegate : Finished Spring Data repository scanning in 23 ms. Found 3 JPA repository interfaces.
2025-05-07T11:41:06.212+02:00  INFO 2360 --- [SIMS] [main] o.s.b.w.embedded.tomcat.TomcatWebServer  : Tomcat initialized with port 8080 (http)
2025-05-07T11:41:06.219+02:00  INFO 2360 --- [SIMS] [main] o.apache.catalina.core.StandardService   : Starting service [Tomcat]
2025-05-07T11:41:06.219+02:00  INFO 2360 --- [SIMS] [main] o.apache.catalina.core.StandardEngine    : Starting Servlet engine: [Apache Tomcat/10.1.39]
2025-05-07T11:41:06.244+02:00  INFO 2360 --- [SIMS] [main] o.a.c.c.C.[Tomcat].[localhost].[/]       : Initializing Spring embedded WebApplicationContext
2025-05-07T11:41:06.244+02:00  INFO 2360 --- [SIMS] [main] w.s.c.ServletWebServerApplicationContext : Root WebApplicationContext: initialization completed in 568 ms
2025-05-07T11:41:06.270+02:00 DEBUG 2360 --- [SIMS] [main] com.JK.SIMS.config.secFilter.JWTFilter   : Filter 'JWTFilter' configured for use
2025-05-07T11:41:06.318+02:00  INFO 2360 --- [SIMS] [main] o.hibernate.jpa.internal.util.LogHelper  : HHH000204: Processing PersistenceUnitInfo [name: default]
2025-05-07T11:41:06.340+02:00  INFO 2360 --- [SIMS] [main] org.hibernate.Version                    : HHH000412: Hibernate ORM core version 6.6.11.Final
2025-05-07T11:41:06.357+02:00  INFO 2360 --- [SIMS] [main] o.h.c.internal.RegionFactoryInitiator    : HHH000026: Second-level cache disabled
2025-05-07T11:41:06.472+02:00  INFO 2360 --- [SIMS] [main] o.s.o.j.p.SpringPersistenceUnitInfo      : No LoadTimeWeaver setup: ignoring JPA class transformer
2025-05-07T11:41:06.486+02:00  INFO 2360 --- [SIMS] [main] com.zaxxer.hikari.HikariDataSource       : HikariPool-1 - Starting...
2025-05-07T11:41:06.635+02:00  INFO 2360 --- [SIMS] [main] com.zaxxer.hikari.pool.HikariPool        : HikariPool-1 - Added connection com.mysql.cj.jdbc.ConnectionImpl@3fd5d679
2025-05-07T11:41:06.636+02:00  INFO 2360 --- [SIMS] [main] com.zaxxer.hikari.HikariDataSource       : HikariPool-1 - Start completed.
2025-05-07T11:41:06.675+02:00  INFO 2360 --- [SIMS] [main] org.hibernate.orm.connections.pooling    : HHH10001005: Database info:
	Database JDBC URL [Connecting through datasource 'HikariDataSource (HikariPool-1)']
	Database driver: undefined/unknown
	Database version: 8.1
	Autocommit mode: undefined/unknown
	Isolation level: undefined/unknown
	Minimum pool size: undefined/unknown
	Maximum pool size: undefined/unknown
2025-05-07T11:41:07.071+02:00  INFO 2360 --- [SIMS] [main] o.h.e.t.j.p.i.JtaPlatformInitiator       : HHH000489: No JTA platform available (set 'hibernate.transaction.jta.platform' to enable JTA platform integration)
2025-05-07T11:41:07.437+02:00  INFO 2360 --- [SIMS] [main] j.LocalContainerEntityManagerFactoryBean : Initialized JPA EntityManagerFactory for persistence unit 'default'
2025-05-07T11:41:07.567+02:00  INFO 2360 --- [SIMS] [main] o.s.d.j.r.query.QueryEnhancerFactory     : Hibernate is in classpath; If applicable, HQL parser will be used.
2025-05-07T11:41:08.122+02:00  INFO 2360 --- [SIMS] [main] eAuthenticationProviderManagerConfigurer : Global AuthenticationManager configured with AuthenticationProvider bean with name authenticationProvider
2025-05-07T11:41:08.122+02:00  WARN 2360 --- [SIMS] [main] r$InitializeUserDetailsManagerConfigurer : Global AuthenticationManager configured with an AuthenticationProvider bean. UserDetailsService beans will not be used by Spring Security for automatically configuring username/password login. Consider removing the AuthenticationProvider bean. Alternatively, consider using the UserDetailsService in a manually instantiated DaoAuthenticationProvider. If the current configuration is intentional, to turn off this warning, increase the logging level of 'org.springframework.security.config.annotation.authentication.configuration.InitializeUserDetailsBeanManagerConfigurer' to ERROR
2025-05-07T11:41:08.132+02:00  WARN 2360 --- [SIMS] [main] JpaBaseConfiguration$JpaWebConfiguration : spring.jpa.open-in-view is enabled by default. Therefore, database queries may be performed during view rendering. Explicitly configure spring.jpa.open-in-view to disable this warning
2025-05-07T11:41:08.170+02:00  INFO 2360 --- [SIMS] [main] o.s.b.a.w.s.WelcomePageHandlerMapping    : Adding welcome page: class path resource [static/index.html]
2025-05-07T11:41:08.312+02:00  WARN 2360 --- [SIMS] [main] ion$DefaultTemplateResolverConfiguration : Cannot find template location: classpath:/templates/ (please add some templates, check your Thymeleaf configuration, or set spring.thymeleaf.check-template-location=false)
2025-05-07T11:41:08.384+02:00  INFO 2360 --- [SIMS] [main] o.s.b.w.embedded.tomcat.TomcatWebServer  : Tomcat started on port 8080 (http) with context path '/'
2025-05-07T11:41:08.389+02:00  INFO 2360 --- [SIMS] [main] com.JK.SIMS.SimsApplication              : Started SimsApplication in 2.918 seconds (process running for 3.238)
2025-05-07T12:01:10.736+02:00  INFO 2360 --- [SIMS] [http-nio-8080-exec-1] o.a.c.c.C.[Tomcat].[localhost].[/]       : Initializing Spring DispatcherServlet 'dispatcherServlet'
2025-05-07T12:01:10.736+02:00  INFO 2360 --- [SIMS] [http-nio-8080-exec-1] o.s.web.servlet.DispatcherServlet        : Initializing Servlet 'dispatcherServlet'
2025-05-07T12:01:10.738+02:00  INFO 2360 --- [SIMS] [http-nio-8080-exec-1] o.s.web.servlet.DispatcherServlet        : Completed initialization in 1 ms
2025-05-07T12:01:11.605+02:00  INFO 2360 --- [SIMS] [http-nio-8080-exec-1] c.J.SIMS.service.UM_service.UserService  : User 'admin' authenticated successfully. Role: ROLE_ADMIN
2025-05-07T12:01:11.606+02:00  INFO 2360 --- [SIMS] [http-nio-8080-exec-1] c.J.S.c.user_management.UserController   : User 'admin' logged in successfully.
2025-05-07T12:01:29.611+02:00  INFO 2360 --- [SIMS] [http-nio-8080-exec-3] c.J.S.s.I.InventoryControlService        : IC: Retrieved 9 products from database.
2025-05-07T12:01:45.513+02:00  INFO 2360 --- [SIMS] [http-nio-8080-exec-4] c.J.S.s.PM_service.ProductsForPMService  : PM: Retrieved 10 products from database.
2025-05-07T12:02:15.517+02:00  INFO 2360 --- [SIMS] [http-nio-8080-exec-5] c.J.S.s.PM_service.ProductsForPMService  : PM: Retrieved 10 products from database.
2025-05-07T12:02:37.573+02:00  INFO 2360 --- [SIMS] [http-nio-8080-exec-6] c.J.S.s.PM_service.ProductsForPMService  : PM: Retrieved 10 products from database.
2025-05-07T12:03:19.870+02:00  INFO 2360 --- [SIMS] [SpringApplicationShutdownHook] o.s.b.w.e.tomcat.GracefulShutdown        : Commencing graceful shutdown. Waiting for active requests to complete
2025-05-07T12:03:19.873+02:00  INFO 2360 --- [SIMS] [tomcat-shutdown] o.s.b.w.e.tomcat.GracefulShutdown        : Graceful shutdown complete
2025-05-07T12:03:19.876+02:00  INFO 2360 --- [SIMS] [SpringApplicationShutdownHook] j.LocalContainerEntityManagerFactoryBean : Closing JPA EntityManagerFactory for persistence unit 'default'
2025-05-07T12:03:19.877+02:00  INFO 2360 --- [SIMS] [SpringApplicationShutdownHook] com.zaxxer.hikari.HikariDataSource       : HikariPool-1 - Shutdown initiated...
2025-05-07T12:03:19.881+02:00  INFO 2360 --- [SIMS] [SpringApplicationShutdownHook] com.zaxxer.hikari.HikariDataSource       : HikariPool-1 - Shutdown completed.
